<?xml version="1.0" encoding="UTF-8"?>
<coverage generated="1625835827626" clover="3.2.0">
  <project timestamp="1625835827626" name="All files">
    <metrics statements="90" coveredstatements="87" conditionals="57" coveredconditionals="52" methods="20" coveredmethods="20" elements="167" coveredelements="159" complexity="0" loc="90" ncloc="90" packages="1" files="3" classes="3"/>
    <file name="RPNCalculation.ts" path="/home/workgames/Рабочий стол/otus-react-lessons/scripts/calc/RPNCalculation.ts">
      <metrics statements="18" coveredstatements="17" conditionals="8" coveredconditionals="6" methods="2" coveredmethods="2"/>
      <line num="5" count="56" type="stmt"/>
      <line num="9" count="12" type="stmt"/>
      <line num="10" count="12" type="stmt"/>
      <line num="11" count="10" type="stmt"/>
      <line num="12" count="10" type="stmt"/>
      <line num="13" count="56" type="cond" truecount="2" falsecount="0"/>
      <line num="14" count="28" type="stmt"/>
      <line num="16" count="28" type="stmt"/>
      <line num="18" count="28" type="stmt"/>
      <line num="19" count="28" type="cond" truecount="1" falsecount="1"/>
      <line num="20" count="28" type="cond" truecount="2" falsecount="0"/>
      <line num="21" count="10" type="stmt"/>
      <line num="23" count="18" type="stmt"/>
      <line num="24" count="18" type="stmt"/>
      <line num="30" count="10" type="cond" truecount="1" falsecount="1"/>
      <line num="31" count="0" type="stmt"/>
      <line num="33" count="10" type="stmt"/>
      <line num="39" count="1" type="stmt"/>
    </file>
    <file name="RPNTransform.ts" path="/home/workgames/Рабочий стол/otus-react-lessons/scripts/calc/RPNTransform.ts">
      <metrics statements="51" coveredstatements="49" conditionals="45" coveredconditionals="42" methods="6" coveredmethods="6"/>
      <line num="6" count="98" type="cond" truecount="2" falsecount="0"/>
      <line num="10" count="28" type="stmt"/>
      <line num="14" count="38" type="cond" truecount="1" falsecount="1"/>
      <line num="18" count="615" type="stmt"/>
      <line num="22" count="21" type="stmt"/>
      <line num="24" count="21" type="stmt"/>
      <line num="25" count="187" type="cond" truecount="2" falsecount="0"/>
      <line num="26" count="70" type="stmt"/>
      <line num="29" count="187" type="cond" truecount="2" falsecount="0"/>
      <line num="30" count="19" type="stmt"/>
      <line num="33" count="168" type="stmt"/>
      <line num="35" count="168" type="stmt"/>
      <line num="42" count="127" type="stmt"/>
      <line num="45" count="168" type="cond" truecount="2" falsecount="0"/>
      <line num="46" count="77" type="stmt"/>
      <line num="49" count="91" type="stmt"/>
      <line num="52" count="21" type="stmt"/>
      <line num="53" count="21" type="stmt"/>
      <line num="55" count="21" type="stmt"/>
      <line num="57" count="21" type="stmt"/>
      <line num="58" count="168" type="cond" truecount="4" falsecount="0"/>
      <line num="59" count="8" type="cond" truecount="2" falsecount="0"/>
      <line num="60" count="2" type="stmt"/>
      <line num="63" count="166" type="stmt"/>
      <line num="64" count="166" type="cond" truecount="2" falsecount="0"/>
      <line num="65" count="28" type="stmt"/>
      <line num="66" count="138" type="cond" truecount="2" falsecount="0"/>
      <line num="68" count="27" type="cond" truecount="2" falsecount="0"/>
      <line num="69" count="17" type="stmt"/>
      <line num="72" count="27" type="cond" truecount="1" falsecount="1"/>
      <line num="73" count="0" type="stmt"/>
      <line num="76" count="27" type="stmt"/>
      <line num="77" count="111" type="cond" truecount="2" falsecount="0"/>
      <line num="79" count="52" type="stmt"/>
      <line num="87" count="10" type="stmt"/>
      <line num="88" count="52" type="stmt"/>
      <line num="90" count="59" type="stmt"/>
      <line num="94" count="19" type="stmt"/>
      <line num="95" count="24" type="cond" truecount="2" falsecount="0"/>
      <line num="96" count="1" type="stmt"/>
      <line num="98" count="23" type="stmt"/>
      <line num="100" count="18" type="cond" truecount="1" falsecount="1"/>
      <line num="101" count="0" type="stmt"/>
      <line num="104" count="18" type="stmt"/>
      <line num="105" count="18" type="stmt"/>
      <line num="106" count="98" type="cond" truecount="2" falsecount="0"/>
      <line num="107" count="3" type="stmt"/>
      <line num="109" count="95" type="cond" truecount="2" falsecount="0"/>
      <line num="110" count="95" type="stmt"/>
      <line num="112" count="15" type="stmt"/>
      <line num="116" count="2" type="stmt"/>
    </file>
    <file name="operators.ts" path="/home/workgames/Рабочий стол/otus-react-lessons/scripts/calc/operators.ts">
      <metrics statements="21" coveredstatements="21" conditionals="4" coveredconditionals="4" methods="12" coveredmethods="12"/>
      <line num="13" count="12" type="cond" truecount="2" falsecount="0"/>
      <line num="14" count="3" type="stmt"/>
      <line num="15" count="201" type="cond" truecount="2" falsecount="0"/>
      <line num="16" count="102" type="stmt"/>
      <line num="18" count="99" type="stmt"/>
      <line num="21" count="16" type="stmt"/>
      <line num="23" count="10" type="stmt"/>
      <line num="24" count="4" type="stmt"/>
      <line num="25" count="3" type="stmt"/>
      <line num="26" count="3" type="stmt"/>
      <line num="28" count="4" type="stmt"/>
      <line num="29" count="4" type="stmt"/>
      <line num="30" count="11" type="stmt"/>
      <line num="31" count="3" type="stmt"/>
      <line num="32" count="3" type="stmt"/>
      <line num="36" count="3" type="stmt"/>
      <line num="45" count="3" type="stmt"/>
      <line num="52" count="3" type="stmt"/>
      <line num="62" count="3" type="stmt"/>
      <line num="70" count="3" type="stmt"/>
      <line num="87" count="3" type="stmt"/>
    </file>
  </project>
</coverage>
