{"/home/workgames/Рабочий стол/otus-react-lessons/scripts/calc/RPNCalculation.ts": {"path":"/home/workgames/Рабочий стол/otus-react-lessons/scripts/calc/RPNCalculation.ts","statementMap":{"0":{"start":{"line":5,"column":4},"end":{"line":5,"column":35}},"1":{"start":{"line":9,"column":46},"end":{"line":9,"column":48}},"2":{"start":{"line":10,"column":23},"end":{"line":10,"column":50}},"3":{"start":{"line":11,"column":35},"end":{"line":11,"column":56}},"4":{"start":{"line":12,"column":4},"end":{"line":28,"column":5}},"5":{"start":{"line":12,"column":17},"end":{"line":12,"column":18}},"6":{"start":{"line":13,"column":6},"end":{"line":27,"column":7}},"7":{"start":{"line":14,"column":8},"end":{"line":14,"column":37}},"8":{"start":{"line":16,"column":18},"end":{"line":16,"column":45}},"9":{"start":{"line":18,"column":21},"end":{"line":18,"column":45}},"10":{"start":{"line":19,"column":8},"end":{"line":26,"column":9}},"11":{"start":{"line":20,"column":12},"end":{"line":25,"column":13}},"12":{"start":{"line":21,"column":16},"end":{"line":21,"column":52}},"13":{"start":{"line":23,"column":26},"end":{"line":23,"column":53}},"14":{"start":{"line":24,"column":16},"end":{"line":24,"column":69}},"15":{"start":{"line":30,"column":4},"end":{"line":34,"column":5}},"16":{"start":{"line":31,"column":6},"end":{"line":31,"column":40}},"17":{"start":{"line":33,"column":6},"end":{"line":33,"column":41}},"18":{"start":{"line":39,"column":30},"end":{"line":39,"column":50}}},"fnMap":{"0":{"name":"(anonymous_0)","decl":{"start":{"line":4,"column":2},"end":{"line":4,"column":3}},"loc":{"start":{"line":4,"column":34},"end":{"line":6,"column":3}},"line":4},"1":{"name":"(anonymous_1)","decl":{"start":{"line":8,"column":2},"end":{"line":8,"column":3}},"loc":{"start":{"line":8,"column":28},"end":{"line":35,"column":3}},"line":8}},"branchMap":{"0":{"loc":{"start":{"line":13,"column":6},"end":{"line":27,"column":7}},"type":"if","locations":[{"start":{"line":13,"column":6},"end":{"line":27,"column":7}},{"start":{"line":13,"column":6},"end":{"line":27,"column":7}}],"line":13},"1":{"loc":{"start":{"line":19,"column":8},"end":{"line":26,"column":9}},"type":"if","locations":[{"start":{"line":19,"column":8},"end":{"line":26,"column":9}},{"start":{"line":19,"column":8},"end":{"line":26,"column":9}}],"line":19},"2":{"loc":{"start":{"line":20,"column":12},"end":{"line":25,"column":13}},"type":"if","locations":[{"start":{"line":20,"column":12},"end":{"line":25,"column":13}},{"start":{"line":20,"column":12},"end":{"line":25,"column":13}}],"line":20},"3":{"loc":{"start":{"line":30,"column":4},"end":{"line":34,"column":5}},"type":"if","locations":[{"start":{"line":30,"column":4},"end":{"line":34,"column":5}},{"start":{"line":30,"column":4},"end":{"line":34,"column":5}}],"line":30}},"s":{"0":56,"1":12,"2":12,"3":10,"4":10,"5":10,"6":56,"7":28,"8":28,"9":28,"10":28,"11":28,"12":10,"13":18,"14":18,"15":10,"16":0,"17":10,"18":1},"f":{"0":56,"1":12},"b":{"0":[28,28],"1":[28,0],"2":[10,18],"3":[0,10]},"_coverageSchema":"1a1c01bbd47fc00a2c39e90264f33305004495a9","hash":"bf695b8f82ea939991789eb0eb54eaddf71a5618"}
,"/home/workgames/Рабочий стол/otus-react-lessons/scripts/calc/RPNTransform.ts": {"path":"/home/workgames/Рабочий стол/otus-react-lessons/scripts/calc/RPNTransform.ts","statementMap":{"0":{"start":{"line":6,"column":4},"end":{"line":6,"column":59}},"1":{"start":{"line":10,"column":4},"end":{"line":10,"column":28}},"2":{"start":{"line":14,"column":4},"end":{"line":14,"column":50}},"3":{"start":{"line":18,"column":4},"end":{"line":18,"column":47}},"4":{"start":{"line":22,"column":12},"end":{"line":22,"column":13}},"5":{"start":{"line":24,"column":22},"end":{"line":50,"column":5}},"6":{"start":{"line":25,"column":6},"end":{"line":27,"column":7}},"7":{"start":{"line":26,"column":10},"end":{"line":26,"column":14}},"8":{"start":{"line":29,"column":6},"end":{"line":31,"column":7}},"9":{"start":{"line":30,"column":10},"end":{"line":30,"column":20}},"10":{"start":{"line":33,"column":14},"end":{"line":33,"column":16}},"11":{"start":{"line":35,"column":6},"end":{"line":43,"column":7}},"12":{"start":{"line":42,"column":8},"end":{"line":42,"column":23}},"13":{"start":{"line":45,"column":6},"end":{"line":47,"column":7}},"14":{"start":{"line":46,"column":8},"end":{"line":46,"column":17}},"15":{"start":{"line":49,"column":6},"end":{"line":49,"column":23}},"16":{"start":{"line":52,"column":27},"end":{"line":52,"column":29}},"17":{"start":{"line":53,"column":39},"end":{"line":53,"column":41}},"18":{"start":{"line":55,"column":26},"end":{"line":55,"column":28}},"19":{"start":{"line":57,"column":4},"end":{"line":92,"column":5}},"20":{"start":{"line":58,"column":6},"end":{"line":62,"column":7}},"21":{"start":{"line":59,"column":8},"end":{"line":61,"column":9}},"22":{"start":{"line":60,"column":10},"end":{"line":60,"column":63}},"23":{"start":{"line":63,"column":6},"end":{"line":63,"column":20}},"24":{"start":{"line":64,"column":6},"end":{"line":91,"column":7}},"25":{"start":{"line":65,"column":8},"end":{"line":65,"column":20}},"26":{"start":{"line":66,"column":13},"end":{"line":91,"column":7}},"27":{"start":{"line":68,"column":8},"end":{"line":70,"column":9}},"28":{"start":{"line":69,"column":10},"end":{"line":69,"column":26}},"29":{"start":{"line":72,"column":8},"end":{"line":74,"column":9}},"30":{"start":{"line":73,"column":10},"end":{"line":73,"column":67}},"31":{"start":{"line":76,"column":8},"end":{"line":76,"column":16}},"32":{"start":{"line":77,"column":13},"end":{"line":91,"column":7}},"33":{"start":{"line":79,"column":8},"end":{"line":87,"column":24}},"34":{"start":{"line":87,"column":8},"end":{"line":87,"column":24}},"35":{"start":{"line":88,"column":8},"end":{"line":88,"column":20}},"36":{"start":{"line":90,"column":8},"end":{"line":90,"column":20}},"37":{"start":{"line":94,"column":4},"end":{"line":99,"column":5}},"38":{"start":{"line":95,"column":6},"end":{"line":97,"column":7}},"39":{"start":{"line":96,"column":8},"end":{"line":96,"column":65}},"40":{"start":{"line":98,"column":6},"end":{"line":98,"column":22}},"41":{"start":{"line":100,"column":4},"end":{"line":102,"column":5}},"42":{"start":{"line":101,"column":6},"end":{"line":101,"column":38}},"43":{"start":{"line":104,"column":12},"end":{"line":104,"column":14}},"44":{"start":{"line":105,"column":4},"end":{"line":111,"column":5}},"45":{"start":{"line":105,"column":17},"end":{"line":105,"column":18}},"46":{"start":{"line":106,"column":6},"end":{"line":108,"column":7}},"47":{"start":{"line":107,"column":8},"end":{"line":107,"column":65}},"48":{"start":{"line":109,"column":6},"end":{"line":109,"column":27}},"49":{"start":{"line":109,"column":18},"end":{"line":109,"column":27}},"50":{"start":{"line":110,"column":6},"end":{"line":110,"column":16}},"51":{"start":{"line":112,"column":4},"end":{"line":112,"column":13}},"52":{"start":{"line":116,"column":28},"end":{"line":116,"column":46}}},"fnMap":{"0":{"name":"(anonymous_0)","decl":{"start":{"line":5,"column":2},"end":{"line":5,"column":3}},"loc":{"start":{"line":5,"column":32},"end":{"line":7,"column":3}},"line":5},"1":{"name":"(anonymous_1)","decl":{"start":{"line":9,"column":2},"end":{"line":9,"column":3}},"loc":{"start":{"line":9,"column":47},"end":{"line":11,"column":3}},"line":9},"2":{"name":"(anonymous_2)","decl":{"start":{"line":13,"column":2},"end":{"line":13,"column":3}},"loc":{"start":{"line":13,"column":45},"end":{"line":15,"column":3}},"line":13},"3":{"name":"(anonymous_3)","decl":{"start":{"line":17,"column":2},"end":{"line":17,"column":3}},"loc":{"start":{"line":17,"column":48},"end":{"line":19,"column":3}},"line":17},"4":{"name":"(anonymous_4)","decl":{"start":{"line":21,"column":2},"end":{"line":21,"column":3}},"loc":{"start":{"line":21,"column":34},"end":{"line":113,"column":3}},"line":21},"5":{"name":"(anonymous_5)","decl":{"start":{"line":24,"column":22},"end":{"line":24,"column":23}},"loc":{"start":{"line":24,"column":36},"end":{"line":50,"column":5}},"line":24}},"branchMap":{"0":{"loc":{"start":{"line":6,"column":11},"end":{"line":6,"column":58}},"type":"binary-expr","locations":[{"start":{"line":6,"column":11},"end":{"line":6,"column":34}},{"start":{"line":6,"column":38},"end":{"line":6,"column":58}}],"line":6},"1":{"loc":{"start":{"line":14,"column":11},"end":{"line":14,"column":49}},"type":"binary-expr","locations":[{"start":{"line":14,"column":11},"end":{"line":14,"column":44}},{"start":{"line":14,"column":48},"end":{"line":14,"column":49}}],"line":14},"2":{"loc":{"start":{"line":25,"column":13},"end":{"line":25,"column":46}},"type":"binary-expr","locations":[{"start":{"line":25,"column":13},"end":{"line":25,"column":28}},{"start":{"line":25,"column":32},"end":{"line":25,"column":46}}],"line":25},"3":{"loc":{"start":{"line":29,"column":6},"end":{"line":31,"column":7}},"type":"if","locations":[{"start":{"line":29,"column":6},"end":{"line":31,"column":7}},{"start":{"line":29,"column":6},"end":{"line":31,"column":7}}],"line":29},"4":{"loc":{"start":{"line":36,"column":8},"end":{"line":40,"column":33}},"type":"binary-expr","locations":[{"start":{"line":36,"column":8},"end":{"line":36,"column":23}},{"start":{"line":37,"column":8},"end":{"line":37,"column":22}},{"start":{"line":38,"column":8},"end":{"line":38,"column":22}},{"start":{"line":39,"column":8},"end":{"line":39,"column":22}},{"start":{"line":40,"column":8},"end":{"line":40,"column":33}}],"line":36},"5":{"loc":{"start":{"line":45,"column":6},"end":{"line":47,"column":7}},"type":"if","locations":[{"start":{"line":45,"column":6},"end":{"line":47,"column":7}},{"start":{"line":45,"column":6},"end":{"line":47,"column":7}}],"line":45},"6":{"loc":{"start":{"line":58,"column":6},"end":{"line":62,"column":7}},"type":"if","locations":[{"start":{"line":58,"column":6},"end":{"line":62,"column":7}},{"start":{"line":58,"column":6},"end":{"line":62,"column":7}}],"line":58},"7":{"loc":{"start":{"line":58,"column":10},"end":{"line":58,"column":58}},"type":"binary-expr","locations":[{"start":{"line":58,"column":10},"end":{"line":58,"column":30}},{"start":{"line":58,"column":34},"end":{"line":58,"column":58}}],"line":58},"8":{"loc":{"start":{"line":59,"column":8},"end":{"line":61,"column":9}},"type":"if","locations":[{"start":{"line":59,"column":8},"end":{"line":61,"column":9}},{"start":{"line":59,"column":8},"end":{"line":61,"column":9}}],"line":59},"9":{"loc":{"start":{"line":64,"column":6},"end":{"line":91,"column":7}},"type":"if","locations":[{"start":{"line":64,"column":6},"end":{"line":91,"column":7}},{"start":{"line":64,"column":6},"end":{"line":91,"column":7}}],"line":64},"10":{"loc":{"start":{"line":66,"column":13},"end":{"line":91,"column":7}},"type":"if","locations":[{"start":{"line":66,"column":13},"end":{"line":91,"column":7}},{"start":{"line":66,"column":13},"end":{"line":91,"column":7}}],"line":66},"11":{"loc":{"start":{"line":68,"column":15},"end":{"line":68,"column":53}},"type":"binary-expr","locations":[{"start":{"line":68,"column":15},"end":{"line":68,"column":27}},{"start":{"line":68,"column":31},"end":{"line":68,"column":53}}],"line":68},"12":{"loc":{"start":{"line":72,"column":8},"end":{"line":74,"column":9}},"type":"if","locations":[{"start":{"line":72,"column":8},"end":{"line":74,"column":9}},{"start":{"line":72,"column":8},"end":{"line":74,"column":9}}],"line":72},"13":{"loc":{"start":{"line":77,"column":13},"end":{"line":91,"column":7}},"type":"if","locations":[{"start":{"line":77,"column":13},"end":{"line":91,"column":7}},{"start":{"line":77,"column":13},"end":{"line":91,"column":7}}],"line":77},"14":{"loc":{"start":{"line":80,"column":10},"end":{"line":85,"column":67}},"type":"binary-expr","locations":[{"start":{"line":80,"column":10},"end":{"line":80,"column":22}},{"start":{"line":81,"column":10},"end":{"line":81,"column":42}},{"start":{"line":82,"column":12},"end":{"line":82,"column":31}},{"start":{"line":83,"column":12},"end":{"line":83,"column":64}},{"start":{"line":84,"column":13},"end":{"line":84,"column":33}},{"start":{"line":85,"column":14},"end":{"line":85,"column":65}}],"line":80},"15":{"loc":{"start":{"line":95,"column":6},"end":{"line":97,"column":7}},"type":"if","locations":[{"start":{"line":95,"column":6},"end":{"line":97,"column":7}},{"start":{"line":95,"column":6},"end":{"line":97,"column":7}}],"line":95},"16":{"loc":{"start":{"line":100,"column":4},"end":{"line":102,"column":5}},"type":"if","locations":[{"start":{"line":100,"column":4},"end":{"line":102,"column":5}},{"start":{"line":100,"column":4},"end":{"line":102,"column":5}}],"line":100},"17":{"loc":{"start":{"line":106,"column":6},"end":{"line":108,"column":7}},"type":"if","locations":[{"start":{"line":106,"column":6},"end":{"line":108,"column":7}},{"start":{"line":106,"column":6},"end":{"line":108,"column":7}}],"line":106},"18":{"loc":{"start":{"line":109,"column":6},"end":{"line":109,"column":27}},"type":"if","locations":[{"start":{"line":109,"column":6},"end":{"line":109,"column":27}},{"start":{"line":109,"column":6},"end":{"line":109,"column":27}}],"line":109}},"s":{"0":98,"1":28,"2":38,"3":615,"4":21,"5":21,"6":187,"7":70,"8":187,"9":19,"10":168,"11":168,"12":127,"13":168,"14":77,"15":91,"16":21,"17":21,"18":21,"19":21,"20":168,"21":8,"22":2,"23":166,"24":166,"25":28,"26":138,"27":27,"28":17,"29":27,"30":0,"31":27,"32":111,"33":52,"34":10,"35":52,"36":59,"37":19,"38":24,"39":1,"40":23,"41":18,"42":0,"43":18,"44":18,"45":18,"46":98,"47":3,"48":95,"49":78,"50":95,"51":15,"52":2},"f":{"0":98,"1":28,"2":38,"3":615,"4":21,"5":187},"b":{"0":[98,50],"1":[38,0],"2":[257,238],"3":[19,168],"4":[295,282,256,221,170],"5":[77,91],"6":[8,160],"7":[168,54],"8":[2,6],"9":[28,138],"10":[27,111],"11":[44,44],"12":[0,27],"13":[52,59],"14":[62,38,19,18,9,1],"15":[1,23],"16":[0,18],"17":[3,95],"18":[78,17]},"_coverageSchema":"1a1c01bbd47fc00a2c39e90264f33305004495a9","hash":"6abb7365c84a85bbc5e079254f8f64d0eb259335"}
,"/home/workgames/Рабочий стол/otus-react-lessons/scripts/calc/operators.ts": {"path":"/home/workgames/Рабочий стол/otus-react-lessons/scripts/calc/operators.ts","statementMap":{"0":{"start":{"line":13,"column":30},"end":{"line":13,"column":83}},"1":{"start":{"line":13,"column":49},"end":{"line":13,"column":83}},"2":{"start":{"line":14,"column":30},"end":{"line":19,"column":1}},"3":{"start":{"line":15,"column":2},"end":{"line":17,"column":3}},"4":{"start":{"line":16,"column":4},"end":{"line":16,"column":17}},"5":{"start":{"line":18,"column":2},"end":{"line":18,"column":41}},"6":{"start":{"line":21,"column":36},"end":{"line":21,"column":77}},"7":{"start":{"line":21,"column":54},"end":{"line":21,"column":77}},"8":{"start":{"line":23,"column":30},"end":{"line":23,"column":105}},"9":{"start":{"line":23,"column":49},"end":{"line":23,"column":105}},"10":{"start":{"line":24,"column":30},"end":{"line":24,"column":105}},"11":{"start":{"line":24,"column":49},"end":{"line":24,"column":105}},"12":{"start":{"line":25,"column":29},"end":{"line":25,"column":104}},"13":{"start":{"line":25,"column":48},"end":{"line":25,"column":104}},"14":{"start":{"line":26,"column":30},"end":{"line":26,"column":97}},"15":{"start":{"line":26,"column":49},"end":{"line":26,"column":97}},"16":{"start":{"line":28,"column":33},"end":{"line":28,"column":64}},"17":{"start":{"line":28,"column":59},"end":{"line":28,"column":64}},"18":{"start":{"line":29,"column":32},"end":{"line":29,"column":63}},"19":{"start":{"line":29,"column":58},"end":{"line":29,"column":63}},"20":{"start":{"line":30,"column":33},"end":{"line":30,"column":64}},"21":{"start":{"line":30,"column":59},"end":{"line":30,"column":64}},"22":{"start":{"line":31,"column":34},"end":{"line":31,"column":65}},"23":{"start":{"line":31,"column":60},"end":{"line":31,"column":65}},"24":{"start":{"line":32,"column":32},"end":{"line":32,"column":72}},"25":{"start":{"line":32,"column":58},"end":{"line":32,"column":72}},"26":{"start":{"line":36,"column":4},"end":{"line":41,"column":1}},"27":{"start":{"line":45,"column":4},"end":{"line":48,"column":1}},"28":{"start":{"line":52,"column":4},"end":{"line":58,"column":1}},"29":{"start":{"line":62,"column":4},"end":{"line":66,"column":1}},"30":{"start":{"line":70,"column":4},"end":{"line":82,"column":1}},"31":{"start":{"line":87,"column":4},"end":{"line":99,"column":1}}},"fnMap":{"0":{"name":"(anonymous_0)","decl":{"start":{"line":13,"column":30},"end":{"line":13,"column":31}},"loc":{"start":{"line":13,"column":49},"end":{"line":13,"column":83}},"line":13},"1":{"name":"(anonymous_1)","decl":{"start":{"line":14,"column":30},"end":{"line":14,"column":31}},"loc":{"start":{"line":14,"column":49},"end":{"line":19,"column":1}},"line":14},"2":{"name":"(anonymous_2)","decl":{"start":{"line":21,"column":36},"end":{"line":21,"column":37}},"loc":{"start":{"line":21,"column":54},"end":{"line":21,"column":77}},"line":21},"3":{"name":"(anonymous_3)","decl":{"start":{"line":23,"column":30},"end":{"line":23,"column":31}},"loc":{"start":{"line":23,"column":49},"end":{"line":23,"column":105}},"line":23},"4":{"name":"(anonymous_4)","decl":{"start":{"line":24,"column":30},"end":{"line":24,"column":31}},"loc":{"start":{"line":24,"column":49},"end":{"line":24,"column":105}},"line":24},"5":{"name":"(anonymous_5)","decl":{"start":{"line":25,"column":29},"end":{"line":25,"column":30}},"loc":{"start":{"line":25,"column":48},"end":{"line":25,"column":104}},"line":25},"6":{"name":"(anonymous_6)","decl":{"start":{"line":26,"column":30},"end":{"line":26,"column":31}},"loc":{"start":{"line":26,"column":49},"end":{"line":26,"column":97}},"line":26},"7":{"name":"(anonymous_7)","decl":{"start":{"line":28,"column":33},"end":{"line":28,"column":34}},"loc":{"start":{"line":28,"column":59},"end":{"line":28,"column":64}},"line":28},"8":{"name":"(anonymous_8)","decl":{"start":{"line":29,"column":32},"end":{"line":29,"column":33}},"loc":{"start":{"line":29,"column":58},"end":{"line":29,"column":63}},"line":29},"9":{"name":"(anonymous_9)","decl":{"start":{"line":30,"column":33},"end":{"line":30,"column":34}},"loc":{"start":{"line":30,"column":59},"end":{"line":30,"column":64}},"line":30},"10":{"name":"(anonymous_10)","decl":{"start":{"line":31,"column":34},"end":{"line":31,"column":35}},"loc":{"start":{"line":31,"column":60},"end":{"line":31,"column":65}},"line":31},"11":{"name":"(anonymous_11)","decl":{"start":{"line":32,"column":32},"end":{"line":32,"column":33}},"loc":{"start":{"line":32,"column":58},"end":{"line":32,"column":72}},"line":32}},"branchMap":{"0":{"loc":{"start":{"line":13,"column":49},"end":{"line":13,"column":83}},"type":"cond-expr","locations":[{"start":{"line":13,"column":57},"end":{"line":13,"column":79}},{"start":{"line":13,"column":82},"end":{"line":13,"column":83}}],"line":13},"1":{"loc":{"start":{"line":15,"column":2},"end":{"line":17,"column":3}},"type":"if","locations":[{"start":{"line":15,"column":2},"end":{"line":17,"column":3}},{"start":{"line":15,"column":2},"end":{"line":17,"column":3}}],"line":15}},"s":{"0":3,"1":12,"2":3,"3":201,"4":102,"5":99,"6":3,"7":16,"8":3,"9":10,"10":3,"11":4,"12":3,"13":2,"14":3,"15":2,"16":3,"17":4,"18":3,"19":4,"20":3,"21":11,"22":3,"23":1,"24":3,"25":3,"26":3,"27":3,"28":3,"29":3,"30":3,"31":3},"f":{"0":12,"1":201,"2":16,"3":10,"4":4,"5":2,"6":2,"7":4,"8":4,"9":11,"10":1,"11":3},"b":{"0":[9,3],"1":[102,99]},"_coverageSchema":"1a1c01bbd47fc00a2c39e90264f33305004495a9","hash":"d77e1f24eb61779c0ef8780851b945e845b4b583"}
}
