TN:
SF:scripts/calc/RPNCalculation.ts
FN:4,(anonymous_0)
FN:8,(anonymous_1)
FNF:2
FNH:2
FNDA:56,(anonymous_0)
FNDA:12,(anonymous_1)
DA:5,56
DA:9,12
DA:10,12
DA:11,10
DA:12,10
DA:13,56
DA:14,28
DA:16,28
DA:18,28
DA:19,28
DA:20,28
DA:21,10
DA:23,18
DA:24,18
DA:30,10
DA:31,0
DA:33,10
DA:39,1
LF:18
LH:17
BRDA:13,0,0,28
BRDA:13,0,1,28
BRDA:19,1,0,28
BRDA:19,1,1,0
BRDA:20,2,0,10
BRDA:20,2,1,18
BRDA:30,3,0,0
BRDA:30,3,1,10
BRF:8
BRH:6
end_of_record
TN:
SF:scripts/calc/RPNTransform.ts
FN:5,(anonymous_0)
FN:9,(anonymous_1)
FN:13,(anonymous_2)
FN:17,(anonymous_3)
FN:21,(anonymous_4)
FN:24,(anonymous_5)
FNF:6
FNH:6
FNDA:98,(anonymous_0)
FNDA:28,(anonymous_1)
FNDA:38,(anonymous_2)
FNDA:615,(anonymous_3)
FNDA:21,(anonymous_4)
FNDA:187,(anonymous_5)
DA:6,98
DA:10,28
DA:14,38
DA:18,615
DA:22,21
DA:24,21
DA:25,187
DA:26,70
DA:29,187
DA:30,19
DA:33,168
DA:35,168
DA:42,127
DA:45,168
DA:46,77
DA:49,91
DA:52,21
DA:53,21
DA:55,21
DA:57,21
DA:58,168
DA:59,8
DA:60,2
DA:63,166
DA:64,166
DA:65,28
DA:66,138
DA:68,27
DA:69,17
DA:72,27
DA:73,0
DA:76,27
DA:77,111
DA:79,52
DA:87,10
DA:88,52
DA:90,59
DA:94,19
DA:95,24
DA:96,1
DA:98,23
DA:100,18
DA:101,0
DA:104,18
DA:105,18
DA:106,98
DA:107,3
DA:109,95
DA:110,95
DA:112,15
DA:116,2
LF:51
LH:49
BRDA:6,0,0,98
BRDA:6,0,1,50
BRDA:14,1,0,38
BRDA:14,1,1,0
BRDA:25,2,0,257
BRDA:25,2,1,238
BRDA:29,3,0,19
BRDA:29,3,1,168
BRDA:36,4,0,295
BRDA:36,4,1,282
BRDA:36,4,2,256
BRDA:36,4,3,221
BRDA:36,4,4,170
BRDA:45,5,0,77
BRDA:45,5,1,91
BRDA:58,6,0,8
BRDA:58,6,1,160
BRDA:58,7,0,168
BRDA:58,7,1,54
BRDA:59,8,0,2
BRDA:59,8,1,6
BRDA:64,9,0,28
BRDA:64,9,1,138
BRDA:66,10,0,27
BRDA:66,10,1,111
BRDA:68,11,0,44
BRDA:68,11,1,44
BRDA:72,12,0,0
BRDA:72,12,1,27
BRDA:77,13,0,52
BRDA:77,13,1,59
BRDA:80,14,0,62
BRDA:80,14,1,38
BRDA:80,14,2,19
BRDA:80,14,3,18
BRDA:80,14,4,9
BRDA:80,14,5,1
BRDA:95,15,0,1
BRDA:95,15,1,23
BRDA:100,16,0,0
BRDA:100,16,1,18
BRDA:106,17,0,3
BRDA:106,17,1,95
BRDA:109,18,0,78
BRDA:109,18,1,17
BRF:45
BRH:42
end_of_record
TN:
SF:scripts/calc/operators.ts
FN:13,(anonymous_0)
FN:14,(anonymous_1)
FN:21,(anonymous_2)
FN:23,(anonymous_3)
FN:24,(anonymous_4)
FN:25,(anonymous_5)
FN:26,(anonymous_6)
FN:28,(anonymous_7)
FN:29,(anonymous_8)
FN:30,(anonymous_9)
FN:31,(anonymous_10)
FN:32,(anonymous_11)
FNF:12
FNH:12
FNDA:12,(anonymous_0)
FNDA:201,(anonymous_1)
FNDA:16,(anonymous_2)
FNDA:10,(anonymous_3)
FNDA:4,(anonymous_4)
FNDA:2,(anonymous_5)
FNDA:2,(anonymous_6)
FNDA:4,(anonymous_7)
FNDA:4,(anonymous_8)
FNDA:11,(anonymous_9)
FNDA:1,(anonymous_10)
FNDA:3,(anonymous_11)
DA:13,12
DA:14,3
DA:15,201
DA:16,102
DA:18,99
DA:21,16
DA:23,10
DA:24,4
DA:25,3
DA:26,3
DA:28,4
DA:29,4
DA:30,11
DA:31,3
DA:32,3
DA:36,3
DA:45,3
DA:52,3
DA:62,3
DA:70,3
DA:87,3
LF:21
LH:21
BRDA:13,0,0,9
BRDA:13,0,1,3
BRDA:15,1,0,102
BRDA:15,1,1,99
BRF:4
BRH:4
end_of_record
